  Курсовая(Завершенная).cpp
c:\users\user\desktop\игэу\лабораторки по программированию\find-best-trip\курсовая(завершенная)\курсовая(завершенная).cpp(219): warning C4996: 'wcscpy': This function or variable may be unsafe. Consider using wcscpy_s instead. To disable deprecation, use _CRT_SECURE_NO_WARNINGS. See online help for details.
  c:\program files (x86)\windows kits\10\include\10.0.10240.0\ucrt\corecrt_wstring.h(121): note:  см. объявление "wcscpy"
c:\users\user\desktop\игэу\лабораторки по программированию\find-best-trip\курсовая(завершенная)\курсовая(завершенная).cpp(229): warning C4996: 'wscanf': This function or variable may be unsafe. Consider using wscanf_s instead. To disable deprecation, use _CRT_SECURE_NO_WARNINGS. See online help for details.
  c:\program files (x86)\windows kits\10\include\10.0.10240.0\ucrt\corecrt_wstdio.h(928): note:  см. объявление "wscanf"
c:\users\user\desktop\игэу\лабораторки по программированию\find-best-trip\курсовая(завершенная)\курсовая(завершенная).cpp(235): warning C4996: 'wcscat': This function or variable may be unsafe. Consider using wcscat_s instead. To disable deprecation, use _CRT_SECURE_NO_WARNINGS. See online help for details.
  c:\program files (x86)\windows kits\10\include\10.0.10240.0\ucrt\corecrt_wstring.h(101): note:  см. объявление "wcscat"
c:\users\user\desktop\игэу\лабораторки по программированию\find-best-trip\курсовая(завершенная)\курсовая(завершенная).cpp(239): warning C4996: 'scanf': This function or variable may be unsafe. Consider using scanf_s instead. To disable deprecation, use _CRT_SECURE_NO_WARNINGS. See online help for details.
  c:\program files (x86)\windows kits\10\include\10.0.10240.0\ucrt\stdio.h(1270): note:  см. объявление "scanf"
c:\users\user\desktop\игэу\лабораторки по программированию\find-best-trip\курсовая(завершенная)\курсовая(завершенная).cpp(243): warning C4996: '_wfopen': This function or variable may be unsafe. Consider using _wfopen_s instead. To disable deprecation, use _CRT_SECURE_NO_WARNINGS. See online help for details.
  c:\program files (x86)\windows kits\10\include\10.0.10240.0\ucrt\corecrt_wstdio.h(129): note:  см. объявление "_wfopen"
c:\users\user\desktop\игэу\лабораторки по программированию\find-best-trip\курсовая(завершенная)\курсовая(завершенная).cpp(254): warning C4996: 'strcpy': This function or variable may be unsafe. Consider using strcpy_s instead. To disable deprecation, use _CRT_SECURE_NO_WARNINGS. See online help for details.
  c:\program files (x86)\windows kits\10\include\10.0.10240.0\ucrt\string.h(119): note:  см. объявление "strcpy"
c:\users\user\desktop\игэу\лабораторки по программированию\find-best-trip\курсовая(завершенная)\курсовая(завершенная).cpp(259): warning C4996: 'strcpy': This function or variable may be unsafe. Consider using strcpy_s instead. To disable deprecation, use _CRT_SECURE_NO_WARNINGS. See online help for details.
  c:\program files (x86)\windows kits\10\include\10.0.10240.0\ucrt\string.h(119): note:  см. объявление "strcpy"
c:\users\user\desktop\игэу\лабораторки по программированию\find-best-trip\курсовая(завершенная)\курсовая(завершенная).cpp(279): warning C4996: 'scanf': This function or variable may be unsafe. Consider using scanf_s instead. To disable deprecation, use _CRT_SECURE_NO_WARNINGS. See online help for details.
  c:\program files (x86)\windows kits\10\include\10.0.10240.0\ucrt\stdio.h(1270): note:  см. объявление "scanf"
c:\users\user\desktop\игэу\лабораторки по программированию\find-best-trip\курсовая(завершенная)\курсовая(завершенная).cpp(294): warning C4996: 'wcscpy': This function or variable may be unsafe. Consider using wcscpy_s instead. To disable deprecation, use _CRT_SECURE_NO_WARNINGS. See online help for details.
  c:\program files (x86)\windows kits\10\include\10.0.10240.0\ucrt\corecrt_wstring.h(121): note:  см. объявление "wcscpy"
c:\users\user\desktop\игэу\лабораторки по программированию\find-best-trip\курсовая(завершенная)\курсовая(завершенная).cpp(314): warning C4996: '_wfopen': This function or variable may be unsafe. Consider using _wfopen_s instead. To disable deprecation, use _CRT_SECURE_NO_WARNINGS. See online help for details.
  c:\program files (x86)\windows kits\10\include\10.0.10240.0\ucrt\corecrt_wstdio.h(129): note:  см. объявление "_wfopen"
c:\users\user\desktop\игэу\лабораторки по программированию\find-best-trip\курсовая(завершенная)\курсовая(завершенная).cpp(323): warning C4996: 'fscanf': This function or variable may be unsafe. Consider using fscanf_s instead. To disable deprecation, use _CRT_SECURE_NO_WARNINGS. See online help for details.
  c:\program files (x86)\windows kits\10\include\10.0.10240.0\ucrt\stdio.h(1193): note:  см. объявление "fscanf"
c:\users\user\desktop\игэу\лабораторки по программированию\find-best-trip\курсовая(завершенная)\курсовая(завершенная).cpp(344): warning C4996: 'fscanf': This function or variable may be unsafe. Consider using fscanf_s instead. To disable deprecation, use _CRT_SECURE_NO_WARNINGS. See online help for details.
  c:\program files (x86)\windows kits\10\include\10.0.10240.0\ucrt\stdio.h(1193): note:  см. объявление "fscanf"
c:\users\user\desktop\игэу\лабораторки по программированию\find-best-trip\курсовая(завершенная)\курсовая(завершенная).cpp(302): warning C4101: j: неиспользованная локальная переменная
c:\users\user\desktop\игэу\лабораторки по программированию\find-best-trip\курсовая(завершенная)\курсовая(завершенная).cpp(302): warning C4101: i: неиспользованная локальная переменная
c:\users\user\desktop\игэу\лабораторки по программированию\find-best-trip\курсовая(завершенная)\курсовая(завершенная).cpp(409): warning C4267: =: преобразование из "size_t" в "SHORT"; возможна потеря данных
c:\users\user\desktop\игэу\лабораторки по программированию\find-best-trip\курсовая(завершенная)\курсовая(завершенная).cpp(368): warning C4996: 'wcscpy': This function or variable may be unsafe. Consider using wcscpy_s instead. To disable deprecation, use _CRT_SECURE_NO_WARNINGS. See online help for details.
  c:\program files (x86)\windows kits\10\include\10.0.10240.0\ucrt\corecrt_wstring.h(121): note:  см. объявление "wcscpy"
c:\users\user\desktop\игэу\лабораторки по программированию\find-best-trip\курсовая(завершенная)\курсовая(завершенная).cpp(372): warning C4996: 'wcscpy': This function or variable may be unsafe. Consider using wcscpy_s instead. To disable deprecation, use _CRT_SECURE_NO_WARNINGS. See online help for details.
  c:\program files (x86)\windows kits\10\include\10.0.10240.0\ucrt\corecrt_wstring.h(121): note:  см. объявление "wcscpy"
c:\users\user\desktop\игэу\лабораторки по программированию\find-best-trip\курсовая(завершенная)\курсовая(завершенная).cpp(433): warning C4996: 'getch': The POSIX name for this item is deprecated. Instead, use the ISO C and C++ conformant name: _getch. See online help for details.
  c:\program files (x86)\windows kits\10\include\10.0.10240.0\ucrt\conio.h(452): note:  см. объявление "getch"
c:\users\user\desktop\игэу\лабораторки по программированию\find-best-trip\курсовая(завершенная)\курсовая(завершенная).cpp(436): warning C4996: 'getch': The POSIX name for this item is deprecated. Instead, use the ISO C and C++ conformant name: _getch. See online help for details.
  c:\program files (x86)\windows kits\10\include\10.0.10240.0\ucrt\conio.h(452): note:  см. объявление "getch"
c:\users\user\desktop\игэу\лабораторки по программированию\find-best-trip\курсовая(завершенная)\курсовая(завершенная).cpp(464): warning C4996: 'wcscpy': This function or variable may be unsafe. Consider using wcscpy_s instead. To disable deprecation, use _CRT_SECURE_NO_WARNINGS. See online help for details.
  c:\program files (x86)\windows kits\10\include\10.0.10240.0\ucrt\corecrt_wstring.h(121): note:  см. объявление "wcscpy"
c:\users\user\desktop\игэу\лабораторки по программированию\find-best-trip\курсовая(завершенная)\курсовая(завершенная).cpp(468): warning C4996: 'wcscpy': This function or variable may be unsafe. Consider using wcscpy_s instead. To disable deprecation, use _CRT_SECURE_NO_WARNINGS. See online help for details.
  c:\program files (x86)\windows kits\10\include\10.0.10240.0\ucrt\corecrt_wstring.h(121): note:  см. объявление "wcscpy"
c:\users\user\desktop\игэу\лабораторки по программированию\find-best-trip\курсовая(завершенная)\курсовая(завершенная).cpp(471): warning C4996: 'wcscpy': This function or variable may be unsafe. Consider using wcscpy_s instead. To disable deprecation, use _CRT_SECURE_NO_WARNINGS. See online help for details.
  c:\program files (x86)\windows kits\10\include\10.0.10240.0\ucrt\corecrt_wstring.h(121): note:  см. объявление "wcscpy"
c:\users\user\desktop\игэу\лабораторки по программированию\find-best-trip\курсовая(завершенная)\курсовая(завершенная).cpp(474): warning C4996: 'wcscpy': This function or variable may be unsafe. Consider using wcscpy_s instead. To disable deprecation, use _CRT_SECURE_NO_WARNINGS. See online help for details.
  c:\program files (x86)\windows kits\10\include\10.0.10240.0\ucrt\corecrt_wstring.h(121): note:  см. объявление "wcscpy"
c:\users\user\desktop\игэу\лабораторки по программированию\find-best-trip\курсовая(завершенная)\курсовая(завершенная).cpp(477): warning C4996: 'wcscpy': This function or variable may be unsafe. Consider using wcscpy_s instead. To disable deprecation, use _CRT_SECURE_NO_WARNINGS. See online help for details.
  c:\program files (x86)\windows kits\10\include\10.0.10240.0\ucrt\corecrt_wstring.h(121): note:  см. объявление "wcscpy"
c:\users\user\desktop\игэу\лабораторки по программированию\find-best-trip\курсовая(завершенная)\курсовая(завершенная).cpp(480): warning C4996: 'wcscpy': This function or variable may be unsafe. Consider using wcscpy_s instead. To disable deprecation, use _CRT_SECURE_NO_WARNINGS. See online help for details.
  c:\program files (x86)\windows kits\10\include\10.0.10240.0\ucrt\corecrt_wstring.h(121): note:  см. объявление "wcscpy"
c:\users\user\desktop\игэу\лабораторки по программированию\find-best-trip\курсовая(завершенная)\курсовая(завершенная).cpp(483): warning C4996: 'wcscpy': This function or variable may be unsafe. Consider using wcscpy_s instead. To disable deprecation, use _CRT_SECURE_NO_WARNINGS. See online help for details.
  c:\program files (x86)\windows kits\10\include\10.0.10240.0\ucrt\corecrt_wstring.h(121): note:  см. объявление "wcscpy"
c:\users\user\desktop\игэу\лабораторки по программированию\find-best-trip\курсовая(завершенная)\курсовая(завершенная).cpp(486): warning C4996: 'wcscpy': This function or variable may be unsafe. Consider using wcscpy_s instead. To disable deprecation, use _CRT_SECURE_NO_WARNINGS. See online help for details.
  c:\program files (x86)\windows kits\10\include\10.0.10240.0\ucrt\corecrt_wstring.h(121): note:  см. объявление "wcscpy"
c:\users\user\desktop\игэу\лабораторки по программированию\find-best-trip\курсовая(завершенная)\курсовая(завершенная).cpp(489): warning C4996: 'wcscpy': This function or variable may be unsafe. Consider using wcscpy_s instead. To disable deprecation, use _CRT_SECURE_NO_WARNINGS. See online help for details.
  c:\program files (x86)\windows kits\10\include\10.0.10240.0\ucrt\corecrt_wstring.h(121): note:  см. объявление "wcscpy"
c:\users\user\desktop\игэу\лабораторки по программированию\find-best-trip\курсовая(завершенная)\курсовая(завершенная).cpp(492): warning C4996: 'wcscpy': This function or variable may be unsafe. Consider using wcscpy_s instead. To disable deprecation, use _CRT_SECURE_NO_WARNINGS. See online help for details.
  c:\program files (x86)\windows kits\10\include\10.0.10240.0\ucrt\corecrt_wstring.h(121): note:  см. объявление "wcscpy"
c:\users\user\desktop\игэу\лабораторки по программированию\find-best-trip\курсовая(завершенная)\курсовая(завершенная).cpp(522): warning C4996: 'scanf': This function or variable may be unsafe. Consider using scanf_s instead. To disable deprecation, use _CRT_SECURE_NO_WARNINGS. See online help for details.
  c:\program files (x86)\windows kits\10\include\10.0.10240.0\ucrt\stdio.h(1270): note:  см. объявление "scanf"
c:\users\user\desktop\игэу\лабораторки по программированию\find-best-trip\курсовая(завершенная)\курсовая(завершенная).cpp(533): warning C4996: 'scanf': This function or variable may be unsafe. Consider using scanf_s instead. To disable deprecation, use _CRT_SECURE_NO_WARNINGS. See online help for details.
  c:\program files (x86)\windows kits\10\include\10.0.10240.0\ucrt\stdio.h(1270): note:  см. объявление "scanf"
c:\users\user\desktop\игэу\лабораторки по программированию\find-best-trip\курсовая(завершенная)\курсовая(завершенная).cpp(527): warning C4101: c: неиспользованная локальная переменная
c:\users\user\desktop\игэу\лабораторки по программированию\find-best-trip\курсовая(завершенная)\курсовая(завершенная).cpp(581): warning C4101: i: неиспользованная локальная переменная
c:\users\user\desktop\игэу\лабораторки по программированию\find-best-trip\курсовая(завершенная)\курсовая(завершенная).cpp(705): warning C4244: инициализация: преобразование "double" в "int", возможна потеря данных
c:\users\user\desktop\игэу\лабораторки по программированию\find-best-trip\курсовая(завершенная)\курсовая(завершенная).cpp(706): warning C4244: инициализация: преобразование "double" в "int", возможна потеря данных
c:\users\user\desktop\игэу\лабораторки по программированию\find-best-trip\курсовая(завершенная)\курсовая(завершенная).cpp(707): warning C4267: инициализация: преобразование из "size_t" в "int"; возможна потеря данных
c:\users\user\desktop\игэу\лабораторки по программированию\find-best-trip\курсовая(завершенная)\курсовая(завершенная).cpp(715): warning C4244: аргумент: преобразование "double" в "int", возможна потеря данных
c:\users\user\desktop\игэу\лабораторки по программированию\find-best-trip\курсовая(завершенная)\курсовая(завершенная).cpp(771): warning C4244: =: преобразование "int" в "float", возможна потеря данных
c:\users\user\desktop\игэу\лабораторки по программированию\find-best-trip\курсовая(завершенная)\курсовая(завершенная).cpp(772): warning C4244: =: преобразование "int" в "float", возможна потеря данных
c:\users\user\desktop\игэу\лабораторки по программированию\find-best-trip\курсовая(завершенная)\курсовая(завершенная).cpp(773): warning C4244: =: преобразование "int" в "float", возможна потеря данных
c:\users\user\desktop\игэу\лабораторки по программированию\find-best-trip\курсовая(завершенная)\курсовая(завершенная).cpp(777): warning C4244: =: преобразование "int" в "float", возможна потеря данных
c:\users\user\desktop\игэу\лабораторки по программированию\find-best-trip\курсовая(завершенная)\курсовая(завершенная).cpp(778): warning C4244: =: преобразование "int" в "float", возможна потеря данных
c:\users\user\desktop\игэу\лабораторки по программированию\find-best-trip\курсовая(завершенная)\курсовая(завершенная).cpp(779): warning C4244: =: преобразование "int" в "float", возможна потеря данных
c:\users\user\desktop\игэу\лабораторки по программированию\find-best-trip\курсовая(завершенная)\курсовая(завершенная).cpp(788): warning C4244: =: преобразование "double" в "float", возможна потеря данных
c:\users\user\desktop\игэу\лабораторки по программированию\find-best-trip\курсовая(завершенная)\курсовая(завершенная).cpp(789): warning C4244: =: преобразование "double" в "float", возможна потеря данных
c:\users\user\desktop\игэу\лабораторки по программированию\find-best-trip\курсовая(завершенная)\курсовая(завершенная).cpp(790): warning C4244: =: преобразование "double" в "float", возможна потеря данных
c:\users\user\desktop\игэу\лабораторки по программированию\find-best-trip\курсовая(завершенная)\курсовая(завершенная).cpp(812): warning C4244: =: преобразование "double" в "float", возможна потеря данных
c:\users\user\desktop\игэу\лабораторки по программированию\find-best-trip\курсовая(завершенная)\курсовая(завершенная).cpp(813): warning C4244: =: преобразование "double" в "float", возможна потеря данных
c:\users\user\desktop\игэу\лабораторки по программированию\find-best-trip\курсовая(завершенная)\курсовая(завершенная).cpp(814): warning C4244: =: преобразование "double" в "float", возможна потеря данных
c:\users\user\desktop\игэу\лабораторки по программированию\find-best-trip\курсовая(завершенная)\курсовая(завершенная).cpp(896): warning C4996: 'scanf': This function or variable may be unsafe. Consider using scanf_s instead. To disable deprecation, use _CRT_SECURE_NO_WARNINGS. See online help for details.
  c:\program files (x86)\windows kits\10\include\10.0.10240.0\ucrt\stdio.h(1270): note:  см. объявление "scanf"
c:\users\user\desktop\игэу\лабораторки по программированию\find-best-trip\курсовая(завершенная)\курсовая(завершенная).cpp(922): warning C4244: аргумент: преобразование "time_t" в "unsigned int", возможна потеря данных
c:\users\user\desktop\игэу\лабораторки по программированию\find-best-trip\курсовая(завершенная)\курсовая(завершенная).cpp(947): warning C4800: BOOL: принудительно задано логическое значение "true" или "false" (предупреждение о производительности)
c:\users\user\desktop\игэу\лабораторки по программированию\find-best-trip\курсовая(завершенная)\курсовая(завершенная).cpp(985): warning C4267: =: преобразование из "size_t" в "SHORT"; возможна потеря данных
c:\users\user\desktop\игэу\лабораторки по программированию\find-best-trip\курсовая(завершенная)\курсовая(завершенная).cpp(992): warning C4267: =: преобразование из "size_t" в "SHORT"; возможна потеря данных
c:\users\user\desktop\игэу\лабораторки по программированию\find-best-trip\курсовая(завершенная)\курсовая(завершенная).cpp(923): warning C4996: 'wcscpy': This function or variable may be unsafe. Consider using wcscpy_s instead. To disable deprecation, use _CRT_SECURE_NO_WARNINGS. See online help for details.
  c:\program files (x86)\windows kits\10\include\10.0.10240.0\ucrt\corecrt_wstring.h(121): note:  см. объявление "wcscpy"
c:\users\user\desktop\игэу\лабораторки по программированию\find-best-trip\курсовая(завершенная)\курсовая(завершенная).cpp(1013): warning C4996: 'getch': The POSIX name for this item is deprecated. Instead, use the ISO C and C++ conformant name: _getch. See online help for details.
  c:\program files (x86)\windows kits\10\include\10.0.10240.0\ucrt\conio.h(452): note:  см. объявление "getch"
c:\users\user\desktop\игэу\лабораторки по программированию\find-best-trip\курсовая(завершенная)\курсовая(завершенная).cpp(1016): warning C4996: 'getch': The POSIX name for this item is deprecated. Instead, use the ISO C and C++ conformant name: _getch. See online help for details.
  c:\program files (x86)\windows kits\10\include\10.0.10240.0\ucrt\conio.h(452): note:  см. объявление "getch"
  Курсовая(Завершенная).vcxproj -> C:\Users\User\Desktop\ИГЭУ\Лабораторки по программированию\find-best-trip\x64\Debug\Курсовая(Завершенная).exe
